<?xml version="1.0" encoding="UTF-8"?>
<!-- Generated by org.testng.reporters.JUnitXMLReporter -->
<testsuite ignored="0" hostname="Nidhi_P" failures="0" tests="5" name="Book Service Tests" time="1.192" errors="0" timestamp="2025-05-18T14:01:49 IST">
  <testcase classname="com.devbookstore.book.service.BookServiceTest" name="testFindBookByTitle" time="0.025"/>
  <testcase classname="com.devbookstore.book.service.BookServiceTest" name="testFindBookByTitle" time="0.002"/>
  <testcase classname="com.devbookstore.book.service.BookServiceTest" name="testFindBookByTitle" time="0.001"/>
  <testcase classname="com.devbookstore.book.service.BookServiceTest" name="testGetAllBooks" time="0.001"/>
  <testcase classname="com.devbookstore.book.service.BookServiceTest" name="testSaveBook" time="0.001"/>
</testsuite> <!-- Book Service Tests -->
